{"level":"info","message":"Server running in undefined mode on port 8000","timestamp":"2025-08-08 15:53:14"}
{"level":"info","message":"Health check: http://localhost:8000/health","timestamp":"2025-08-08 15:53:14"}
{"level":"info","message":"API Base URL: http://localhost:8000/api","timestamp":"2025-08-08 15:53:14"}
{"level":"info","message":"MongoDB Connected: localhost","timestamp":"2025-08-08 15:53:14"}
{"level":"info","message":"Server running in undefined mode on port 8000","timestamp":"2025-08-08 15:53:23"}
{"level":"info","message":"Health check: http://localhost:8000/health","timestamp":"2025-08-08 15:53:23"}
{"level":"info","message":"API Base URL: http://localhost:8000/api","timestamp":"2025-08-08 15:53:23"}
{"level":"info","message":"MongoDB Connected: localhost","timestamp":"2025-08-08 15:53:23"}
{"level":"info","message":"Server running in undefined mode on port 8000","timestamp":"2025-08-08 15:55:12"}
{"level":"info","message":"Health check: http://localhost:8000/health","timestamp":"2025-08-08 15:55:12"}
{"level":"info","message":"API Base URL: http://localhost:8000/api","timestamp":"2025-08-08 15:55:12"}
{"level":"info","message":"MongoDB Connected: localhost","timestamp":"2025-08-08 15:55:12"}
{"level":"info","message":"Server running in undefined mode on port 8000","timestamp":"2025-08-08 15:55:22"}
{"level":"info","message":"Health check: http://localhost:8000/health","timestamp":"2025-08-08 15:55:22"}
{"level":"info","message":"API Base URL: http://localhost:8000/api","timestamp":"2025-08-08 15:55:22"}
{"level":"info","message":"MongoDB Connected: localhost","timestamp":"2025-08-08 15:55:22"}
{"level":"info","message":"Server running in undefined mode on port 8000","timestamp":"2025-08-08 15:55:32"}
{"level":"info","message":"Health check: http://localhost:8000/health","timestamp":"2025-08-08 15:55:32"}
{"level":"info","message":"API Base URL: http://localhost:8000/api","timestamp":"2025-08-08 15:55:32"}
{"level":"info","message":"MongoDB Connected: localhost","timestamp":"2025-08-08 15:55:32"}
{"level":"info","message":"Server running in undefined mode on port 8000","timestamp":"2025-08-08 15:55:40"}
{"level":"info","message":"Health check: http://localhost:8000/health","timestamp":"2025-08-08 15:55:40"}
{"level":"info","message":"API Base URL: http://localhost:8000/api","timestamp":"2025-08-08 15:55:40"}
{"level":"info","message":"MongoDB Connected: localhost","timestamp":"2025-08-08 15:55:40"}
{"level":"info","message":"Server running in undefined mode on port 8000","timestamp":"2025-08-08 15:55:43"}
{"level":"info","message":"Health check: http://localhost:8000/health","timestamp":"2025-08-08 15:55:43"}
{"level":"info","message":"API Base URL: http://localhost:8000/api","timestamp":"2025-08-08 15:55:43"}
{"level":"info","message":"MongoDB Connected: localhost","timestamp":"2025-08-08 15:55:43"}
{"level":"info","message":"Server running in undefined mode on port 8000","timestamp":"2025-08-08 15:56:01"}
{"level":"info","message":"Health check: http://localhost:8000/health","timestamp":"2025-08-08 15:56:01"}
{"level":"info","message":"API Base URL: http://localhost:8000/api","timestamp":"2025-08-08 15:56:01"}
{"level":"info","message":"MongoDB Connected: localhost","timestamp":"2025-08-08 15:56:01"}
{"level":"info","message":"Server running in undefined mode on port 8000","timestamp":"2025-08-08 15:56:16"}
{"level":"info","message":"Health check: http://localhost:8000/health","timestamp":"2025-08-08 15:56:16"}
{"level":"info","message":"API Base URL: http://localhost:8000/api","timestamp":"2025-08-08 15:56:16"}
{"level":"info","message":"MongoDB Connected: localhost","timestamp":"2025-08-08 15:56:16"}
{"level":"info","message":"Server running in undefined mode on port 8000","timestamp":"2025-08-08 15:56:29"}
{"level":"info","message":"Health check: http://localhost:8000/health","timestamp":"2025-08-08 15:56:29"}
{"level":"info","message":"API Base URL: http://localhost:8000/api","timestamp":"2025-08-08 15:56:29"}
{"level":"info","message":"MongoDB Connected: localhost","timestamp":"2025-08-08 15:56:29"}
{"level":"info","message":"Server running on port 8000","timestamp":"2025-08-08 15:56:40"}
{"level":"info","message":"API Base URL: http://localhost:8000/api","timestamp":"2025-08-08 15:56:40"}
{"level":"info","message":"MongoDB Connected: localhost","timestamp":"2025-08-08 15:56:40"}
{"level":"info","message":"Server running on port 8000","timestamp":"2025-08-08 15:56:53"}
{"level":"info","message":"API Base URL: http://localhost:8000/api","timestamp":"2025-08-08 15:56:53"}
{"level":"info","message":"Database connected successfully","timestamp":"2025-08-08 15:56:53"}
{"level":"info","message":"Server running on port 8000","timestamp":"2025-08-08 15:57:05"}
{"level":"info","message":"API Base URL: http://localhost:8000/api","timestamp":"2025-08-08 15:57:05"}
{"level":"info","message":"Database connected successfully","timestamp":"2025-08-08 15:57:05"}
{"level":"info","message":"Server running on port 8000","timestamp":"2025-08-08 15:57:18"}
{"level":"info","message":"API Base URL: http://localhost:8000/api","timestamp":"2025-08-08 15:57:18"}
{"level":"info","message":"Database connected successfully","timestamp":"2025-08-08 15:57:18"}
{"level":"info","message":"Server running on port 8000","timestamp":"2025-08-08 15:57:33"}
{"level":"info","message":"API Base URL: http://localhost:8000/api","timestamp":"2025-08-08 15:57:33"}
{"level":"info","message":"MongoDB Connected: localhost","timestamp":"2025-08-08 15:57:33"}
{"level":"info","message":"Server running on port 8000","timestamp":"2025-08-08 15:57:41"}
{"level":"info","message":"API Base URL: http://localhost:8000/api","timestamp":"2025-08-08 15:57:41"}
{"level":"info","message":"MongoDB Connected: localhost","timestamp":"2025-08-08 15:57:41"}
{"level":"info","message":"Server running on port 8000","timestamp":"2025-08-08 15:58:11"}
{"level":"info","message":"API Base URL: http://localhost:8000/api","timestamp":"2025-08-08 15:58:11"}
{"level":"info","message":"MongoDB Connected: localhost","timestamp":"2025-08-08 15:58:11"}
{"level":"info","message":"Server running on port 8000","timestamp":"2025-08-08 15:58:32"}
{"level":"info","message":"API Base URL: http://localhost:8000/api","timestamp":"2025-08-08 15:58:32"}
{"level":"info","message":"MongoDB Connected: localhost","timestamp":"2025-08-08 15:58:32"}
{"level":"info","message":"Server running on port 8000","timestamp":"2025-08-08 15:58:59"}
{"level":"info","message":"API Base URL: http://localhost:8000/api","timestamp":"2025-08-08 15:58:59"}
{"level":"info","message":"Database connected: localhost","timestamp":"2025-08-08 15:58:59"}
{"level":"info","message":"Server running on port 8000","timestamp":"2025-08-08 15:59:09"}
{"level":"info","message":"API Base URL: http://localhost:8000/api","timestamp":"2025-08-08 15:59:09"}
{"level":"info","message":"Database connected: localhost","timestamp":"2025-08-08 15:59:09"}
{"level":"info","message":"Server running on port 8000","timestamp":"2025-08-08 15:59:31"}
{"level":"info","message":"API Base URL: http://localhost:8000/api","timestamp":"2025-08-08 15:59:31"}
{"level":"info","message":"Database connected: localhost","timestamp":"2025-08-08 15:59:31"}
{"level":"info","message":"Database connection closed","timestamp":"2025-08-08 16:00:30"}
{"level":"info","message":"Server running on port 8000","timestamp":"2025-08-08 16:00:46"}
{"level":"info","message":"API Base URL: http://localhost:8000/api","timestamp":"2025-08-08 16:00:46"}
{"level":"info","message":"Database connected: localhost","timestamp":"2025-08-08 16:00:46"}
{"level":"info","message":"Server running on port 8000","timestamp":"2025-08-08 16:15:02"}
{"level":"info","message":"API Base URL: http://localhost:8000/api","timestamp":"2025-08-08 16:15:02"}
{"level":"info","message":"Database connected: localhost","timestamp":"2025-08-08 16:15:02"}
{"level":"info","message":"Server running on port 8000","timestamp":"2025-08-08 16:15:08"}
{"level":"info","message":"API Base URL: http://localhost:8000/api","timestamp":"2025-08-08 16:15:08"}
{"level":"info","message":"Database connected: localhost","timestamp":"2025-08-08 16:15:08"}
{"level":"info","message":"Server running on port 8000","timestamp":"2025-08-08 18:34:25"}
{"level":"info","message":"API Base URL: http://localhost:8000/api","timestamp":"2025-08-08 18:34:25"}
{"level":"info","message":"Database connected: ac-tizseg6-shard-00-00.xvohdml.mongodb.net","timestamp":"2025-08-08 18:34:28"}
{"level":"info","message":"Database connection closed","timestamp":"2025-08-08 18:35:31"}
{"level":"info","message":"Server running on port 8000","timestamp":"2025-08-08 18:56:08"}
{"level":"info","message":"API Base URL: http://localhost:8000/api","timestamp":"2025-08-08 18:56:08"}
{"level":"info","message":"Database connected: ac-tizseg6-shard-00-00.xvohdml.mongodb.net","timestamp":"2025-08-08 18:56:12"}
{"level":"info","message":"Server running on port 8000","timestamp":"2025-08-08 19:01:13"}
{"level":"info","message":"API Base URL: http://localhost:8000/api","timestamp":"2025-08-08 19:01:13"}
{"level":"info","message":"Database connected: ac-tizseg6-shard-00-00.xvohdml.mongodb.net","timestamp":"2025-08-08 19:01:17"}
{"level":"info","message":"Server running on port 8000","timestamp":"2025-08-08 19:01:29"}
{"level":"info","message":"API Base URL: http://localhost:8000/api","timestamp":"2025-08-08 19:01:29"}
{"level":"info","message":"Database connected: ac-tizseg6-shard-00-00.xvohdml.mongodb.net","timestamp":"2025-08-08 19:01:30"}
{"level":"info","message":"Server running on port 8000","timestamp":"2025-08-08 19:01:30"}
{"level":"info","message":"API Base URL: http://localhost:8000/api","timestamp":"2025-08-08 19:01:30"}
{"level":"info","message":"Database connected: ac-tizseg6-shard-00-00.xvohdml.mongodb.net","timestamp":"2025-08-08 19:01:31"}
{"level":"info","message":"Server running on port 8000","timestamp":"2025-08-08 19:02:10"}
{"level":"info","message":"API Base URL: http://localhost:8000/api","timestamp":"2025-08-08 19:02:10"}
{"level":"info","message":"Server running on port 8000","timestamp":"2025-08-08 19:02:11"}
{"level":"info","message":"API Base URL: http://localhost:8000/api","timestamp":"2025-08-08 19:02:11"}
{"level":"info","message":"Database connected: ac-tizseg6-shard-00-00.xvohdml.mongodb.net","timestamp":"2025-08-08 19:02:11"}
{"level":"info","message":"Server running on port 8000","timestamp":"2025-08-08 19:02:13"}
{"level":"info","message":"API Base URL: http://localhost:8000/api","timestamp":"2025-08-08 19:02:13"}
{"level":"info","message":"Server running on port 8000","timestamp":"2025-08-08 19:02:14"}
{"level":"info","message":"API Base URL: http://localhost:8000/api","timestamp":"2025-08-08 19:02:14"}
{"level":"info","message":"Server running on port 8000","timestamp":"2025-08-08 19:02:17"}
{"level":"info","message":"API Base URL: http://localhost:8000/api","timestamp":"2025-08-08 19:02:17"}
{"level":"info","message":"Database connected: ac-tizseg6-shard-00-00.xvohdml.mongodb.net","timestamp":"2025-08-08 19:02:18"}
{"level":"error","message":"API Error","method":"POST","responseTime":"43.902","status":"401","timestamp":"2025-08-08 19:02:19","url":"/api/auth/login"}
{"level":"info","message":"POST /api/auth/login 401 43.902ms","source":"morgan","timestamp":"2025-08-08 19:02:19"}
{"duration":"47ms","level":"error","message":"Request Error","method":"POST","status":401,"timestamp":"2025-08-08 19:02:19","url":"/api/auth/login"}
{"level":"info","message":"Server running on port 8000","timestamp":"2025-08-08 19:02:30"}
{"level":"info","message":"API Base URL: http://localhost:8000/api","timestamp":"2025-08-08 19:02:30"}
{"level":"info","message":"Database connected: ac-tizseg6-shard-00-00.xvohdml.mongodb.net","timestamp":"2025-08-08 19:02:34"}
{"level":"info","message":"Server running on port 8000","timestamp":"2025-08-08 19:02:35"}
{"level":"info","message":"API Base URL: http://localhost:8000/api","timestamp":"2025-08-08 19:02:35"}
{"level":"info","message":"Server running on port 8000","timestamp":"2025-08-08 19:02:37"}
{"level":"info","message":"API Base URL: http://localhost:8000/api","timestamp":"2025-08-08 19:02:37"}
{"level":"info","message":"Database connected: ac-tizseg6-shard-00-00.xvohdml.mongodb.net","timestamp":"2025-08-08 19:02:37"}
{"level":"error","message":"API Error","method":"POST","responseTime":"49.382","status":"401","timestamp":"2025-08-08 19:02:38","url":"/api/auth/login"}
{"level":"info","message":"POST /api/auth/login 401 49.382ms","source":"morgan","timestamp":"2025-08-08 19:02:38"}
{"duration":"52ms","level":"error","message":"Request Error","method":"POST","status":401,"timestamp":"2025-08-08 19:02:38","url":"/api/auth/login"}
{"level":"error","message":"API Error","method":"POST","responseTime":"43.804","status":"401","timestamp":"2025-08-08 19:02:39","url":"/api/auth/login"}
{"level":"info","message":"POST /api/auth/login 401 43.804ms","source":"morgan","timestamp":"2025-08-08 19:02:39"}
{"duration":"46ms","level":"error","message":"Request Error","method":"POST","status":401,"timestamp":"2025-08-08 19:02:39","url":"/api/auth/login"}
{"error":"secretOrPrivateKey must have a value","ip":"::1","level":"error","message":"Error occurred","method":"POST","stack":"Error: secretOrPrivateKey must have a value\n    at module.exports [as sign] (/Users/hosanna/BYV WORKS/ICL/icl1/backend/node_modules/jsonwebtoken/sign.js:111:20)\n    at generateToken (file:///Users/hosanna/BYV%20WORKS/ICL/icl1/backend/middlewares/auth.js:91:14)\n    at file:///Users/hosanna/BYV%20WORKS/ICL/icl1/backend/controllers/authController.js:31:17\n    at process.processTicksAndRejections (node:internal/process/task_queues:105:5)","timestamp":"2025-08-08 19:03:20","url":"/api/auth/register","userAgent":"Mozilla/5.0 (Macintosh; Intel Mac OS X 10_15_7) AppleWebKit/537.36 (KHTML, like Gecko) Chrome/138.0.0.0 Safari/537.36"}
{"ip":"::1","level":"error","message":"Error occurred: secretOrPrivateKey must have a value","method":"POST","stack":"Error: secretOrPrivateKey must have a value\n    at module.exports [as sign] (/Users/hosanna/BYV WORKS/ICL/icl1/backend/node_modules/jsonwebtoken/sign.js:111:20)\n    at generateToken (file:///Users/hosanna/BYV%20WORKS/ICL/icl1/backend/middlewares/auth.js:91:14)\n    at file:///Users/hosanna/BYV%20WORKS/ICL/icl1/backend/controllers/authController.js:31:17\n    at process.processTicksAndRejections (node:internal/process/task_queues:105:5)","timestamp":"2025-08-08 19:03:20","url":"/api/auth/register","userAgent":"Mozilla/5.0 (Macintosh; Intel Mac OS X 10_15_7) AppleWebKit/537.36 (KHTML, like Gecko) Chrome/138.0.0.0 Safari/537.36"}
{"level":"error","message":"API Error","method":"POST","responseTime":"422.260","status":"500","timestamp":"2025-08-08 19:03:20","url":"/api/auth/register"}
{"level":"info","message":"POST /api/auth/register 500 422.260ms","source":"morgan","timestamp":"2025-08-08 19:03:20"}
{"duration":"423ms","level":"error","message":"Request Error","method":"POST","status":500,"timestamp":"2025-08-08 19:03:20","url":"/api/auth/register"}
{"level":"info","message":"Server running on port 8000","timestamp":"2025-08-08 19:04:37"}
{"level":"info","message":"API Base URL: http://localhost:8000/api","timestamp":"2025-08-08 19:04:37"}
{"level":"info","message":"Server running on port 8000","timestamp":"2025-08-08 19:04:40"}
{"level":"info","message":"API Base URL: http://localhost:8000/api","timestamp":"2025-08-08 19:04:40"}
{"level":"info","message":"Database connected: ac-tizseg6-shard-00-00.xvohdml.mongodb.net","timestamp":"2025-08-08 19:04:43"}
{"level":"info","message":"Server running on port 8000","timestamp":"2025-08-08 19:04:45"}
{"level":"info","message":"API Base URL: http://localhost:8000/api","timestamp":"2025-08-08 19:04:45"}
{"level":"info","message":"Server running on port 8000","timestamp":"2025-08-08 19:04:46"}
{"level":"info","message":"API Base URL: http://localhost:8000/api","timestamp":"2025-08-08 19:04:46"}
{"level":"info","message":"Database connected: ac-tizseg6-shard-00-00.xvohdml.mongodb.net","timestamp":"2025-08-08 19:04:48"}
{"level":"info","message":"Server running on port 8000","timestamp":"2025-08-08 19:04:51"}
{"level":"info","message":"API Base URL: http://localhost:8000/api","timestamp":"2025-08-08 19:04:51"}
{"level":"info","message":"Database connected: ac-tizseg6-shard-00-00.xvohdml.mongodb.net","timestamp":"2025-08-08 19:04:52"}
{"level":"info","message":"Server running on port 8000","timestamp":"2025-08-08 19:04:53"}
{"level":"info","message":"API Base URL: http://localhost:8000/api","timestamp":"2025-08-08 19:04:53"}
{"level":"info","message":"Database connected: ac-tizseg6-shard-00-00.xvohdml.mongodb.net","timestamp":"2025-08-08 19:04:57"}
{"level":"info","message":"Server running on port 8000","timestamp":"2025-08-08 19:05:18"}
{"level":"info","message":"API Base URL: http://localhost:8000/api","timestamp":"2025-08-08 19:05:18"}
{"level":"info","message":"Database connected: ac-tizseg6-shard-00-00.xvohdml.mongodb.net","timestamp":"2025-08-08 19:05:19"}
{"level":"error","message":"API Error","method":"POST","responseTime":"52.926","status":"400","timestamp":"2025-08-08 19:05:42","url":"/api/auth/register"}
{"level":"info","message":"POST /api/auth/register 400 52.926ms","source":"morgan","timestamp":"2025-08-08 19:05:42"}
{"duration":"55ms","level":"error","message":"Request Error","method":"POST","status":400,"timestamp":"2025-08-08 19:05:42","url":"/api/auth/register"}
{"email":"freefirefacts000@gmail.com","level":"info","message":"User registered successfully","timestamp":"2025-08-08 19:06:11","userId":"6895fd4b575c698eb47b7685"}
{"level":"info","message":"API Request","method":"POST","responseTime":"481.791","status":"201","timestamp":"2025-08-08 19:06:11","url":"/api/auth/register"}
{"level":"info","message":"POST /api/auth/register 201 481.791ms","source":"morgan","timestamp":"2025-08-08 19:06:11"}
{"duration":"483ms","level":"info","message":"Request completed","method":"POST","status":201,"timestamp":"2025-08-08 19:06:11","url":"/api/auth/register"}
{"email":"freefirefacts000@gmail.com","level":"info","message":"User logged in successfully","timestamp":"2025-08-08 19:06:27","userId":"6895fd4b575c698eb47b7685"}
{"level":"info","message":"API Request","method":"POST","responseTime":"410.331","status":"200","timestamp":"2025-08-08 19:06:27","url":"/api/auth/login"}
{"level":"info","message":"POST /api/auth/login 200 410.331ms","source":"morgan","timestamp":"2025-08-08 19:06:27"}
{"duration":"411ms","level":"info","message":"Request completed","method":"POST","status":200,"timestamp":"2025-08-08 19:06:27","url":"/api/auth/login"}
{"level":"info","message":"Server running on port 8000","timestamp":"2025-08-08 19:09:04"}
{"level":"info","message":"API Base URL: http://localhost:8000/api","timestamp":"2025-08-08 19:09:04"}
{"level":"info","message":"Database connected: ac-tizseg6-shard-00-00.xvohdml.mongodb.net","timestamp":"2025-08-08 19:09:07"}
{"level":"info","message":"Server running on port 8000","timestamp":"2025-08-08 19:09:14"}
{"level":"info","message":"API Base URL: http://localhost:8000/api","timestamp":"2025-08-08 19:09:14"}
{"level":"info","message":"Database connected: ac-tizseg6-shard-00-00.xvohdml.mongodb.net","timestamp":"2025-08-08 19:09:18"}
{"level":"info","message":"Server running on port 8000","timestamp":"2025-08-08 19:09:22"}
{"level":"info","message":"API Base URL: http://localhost:8000/api","timestamp":"2025-08-08 19:09:22"}
{"level":"info","message":"Database connected: ac-tizseg6-shard-00-00.xvohdml.mongodb.net","timestamp":"2025-08-08 19:09:23"}
{"level":"info","message":"Server running on port 8000","timestamp":"2025-08-08 19:09:55"}
{"level":"info","message":"API Base URL: http://localhost:8000/api","timestamp":"2025-08-08 19:09:55"}
{"level":"info","message":"Database connected: ac-tizseg6-shard-00-00.xvohdml.mongodb.net","timestamp":"2025-08-08 19:09:58"}
{"level":"info","message":"Database connected: ac-tizseg6-shard-00-00.xvohdml.mongodb.net","timestamp":"2025-08-08 19:10:17"}
{"level":"info","message":"Database connected: ac-tizseg6-shard-00-00.xvohdml.mongodb.net","timestamp":"2025-08-08 19:10:25"}
{"date":"Fri Aug 08 2025 19:10:41 GMT+0530 (India Standard Time)","error":{},"level":"error","message":"unhandledRejection: logger is not defined\nReferenceError: logger is not defined\n    at connectDB (file:///Users/hosanna/BYV%20WORKS/ICL/icl1/backend/config/database.js:23:5)\n    at process.processTicksAndRejections (node:internal/process/task_queues:105:5)","os":{"loadavg":[16.9716796875,16.80078125,14.7197265625],"uptime":35741},"process":{"argv":["/Users/hosanna/.nvm/versions/node/v22.14.0/bin/node","/Users/hosanna/BYV WORKS/ICL/icl1/backend/server.js"],"cwd":"/Users/hosanna/BYV WORKS/ICL/icl1/backend","execPath":"/Users/hosanna/.nvm/versions/node/v22.14.0/bin/node","gid":20,"memoryUsage":{"arrayBuffers":18278776,"external":20793100,"heapTotal":63258624,"heapUsed":27178976,"rss":107708416},"pid":50543,"uid":501,"version":"v22.14.0"},"rejection":true,"stack":"ReferenceError: logger is not defined\n    at connectDB (file:///Users/hosanna/BYV%20WORKS/ICL/icl1/backend/config/database.js:23:5)\n    at process.processTicksAndRejections (node:internal/process/task_queues:105:5)","timestamp":"2025-08-08 19:10:41","trace":[{"column":5,"file":"file:///Users/hosanna/BYV%20WORKS/ICL/icl1/backend/config/database.js","function":"connectDB","line":23,"method":null,"native":false},{"column":5,"file":"node:internal/process/task_queues","function":"process.processTicksAndRejections","line":105,"method":"processTicksAndRejections","native":false}]}
{"level":"info","message":"API Request","method":"POST","responseTime":"388.517","status":"200","timestamp":"2025-08-08 19:22:45","url":"/api/auth/login"}
{"level":"info","message":"POST /api/auth/login 200 388.517ms","source":"morgan","timestamp":"2025-08-08 19:22:45"}
{"duration":"392ms","level":"info","message":"Request completed","method":"POST","status":200,"timestamp":"2025-08-08 19:22:45","url":"/api/auth/login"}
{"level":"info","message":"API Request","method":"POST","responseTime":"1213.222","status":"201","timestamp":"2025-08-08 19:43:17","url":"/api/auth/register"}
{"level":"info","message":"POST /api/auth/register 201 1213.222ms","source":"morgan","timestamp":"2025-08-08 19:43:17"}
{"duration":"1233ms","level":"info","message":"Request completed","method":"POST","status":201,"timestamp":"2025-08-08 19:43:17","url":"/api/auth/register"}
{"level":"info","message":"API Request","method":"POST","responseTime":"1729.009","status":"200","timestamp":"2025-08-08 19:53:49","url":"/api/auth/login"}
{"level":"info","message":"POST /api/auth/login 200 1729.009ms","source":"morgan","timestamp":"2025-08-08 19:53:49"}
{"duration":"1733ms","level":"info","message":"Request completed","method":"POST","status":200,"timestamp":"2025-08-08 19:53:49","url":"/api/auth/login"}
