{"level":"error","message":"API Error","method":"POST","responseTime":"43.902","status":"401","timestamp":"2025-08-08 19:02:19","url":"/api/auth/login"}
{"duration":"47ms","level":"error","message":"Request Error","method":"POST","status":401,"timestamp":"2025-08-08 19:02:19","url":"/api/auth/login"}
{"level":"error","message":"API Error","method":"POST","responseTime":"49.382","status":"401","timestamp":"2025-08-08 19:02:38","url":"/api/auth/login"}
{"duration":"52ms","level":"error","message":"Request Error","method":"POST","status":401,"timestamp":"2025-08-08 19:02:38","url":"/api/auth/login"}
{"level":"error","message":"API Error","method":"POST","responseTime":"43.804","status":"401","timestamp":"2025-08-08 19:02:39","url":"/api/auth/login"}
{"duration":"46ms","level":"error","message":"Request Error","method":"POST","status":401,"timestamp":"2025-08-08 19:02:39","url":"/api/auth/login"}
{"error":"secretOrPrivateKey must have a value","ip":"::1","level":"error","message":"Error occurred","method":"POST","stack":"Error: secretOrPrivateKey must have a value\n    at module.exports [as sign] (/Users/hosanna/BYV WORKS/ICL/icl1/backend/node_modules/jsonwebtoken/sign.js:111:20)\n    at generateToken (file:///Users/hosanna/BYV%20WORKS/ICL/icl1/backend/middlewares/auth.js:91:14)\n    at file:///Users/hosanna/BYV%20WORKS/ICL/icl1/backend/controllers/authController.js:31:17\n    at process.processTicksAndRejections (node:internal/process/task_queues:105:5)","timestamp":"2025-08-08 19:03:20","url":"/api/auth/register","userAgent":"Mozilla/5.0 (Macintosh; Intel Mac OS X 10_15_7) AppleWebKit/537.36 (KHTML, like Gecko) Chrome/138.0.0.0 Safari/537.36"}
{"ip":"::1","level":"error","message":"Error occurred: secretOrPrivateKey must have a value","method":"POST","stack":"Error: secretOrPrivateKey must have a value\n    at module.exports [as sign] (/Users/hosanna/BYV WORKS/ICL/icl1/backend/node_modules/jsonwebtoken/sign.js:111:20)\n    at generateToken (file:///Users/hosanna/BYV%20WORKS/ICL/icl1/backend/middlewares/auth.js:91:14)\n    at file:///Users/hosanna/BYV%20WORKS/ICL/icl1/backend/controllers/authController.js:31:17\n    at process.processTicksAndRejections (node:internal/process/task_queues:105:5)","timestamp":"2025-08-08 19:03:20","url":"/api/auth/register","userAgent":"Mozilla/5.0 (Macintosh; Intel Mac OS X 10_15_7) AppleWebKit/537.36 (KHTML, like Gecko) Chrome/138.0.0.0 Safari/537.36"}
{"level":"error","message":"API Error","method":"POST","responseTime":"422.260","status":"500","timestamp":"2025-08-08 19:03:20","url":"/api/auth/register"}
{"duration":"423ms","level":"error","message":"Request Error","method":"POST","status":500,"timestamp":"2025-08-08 19:03:20","url":"/api/auth/register"}
{"level":"error","message":"API Error","method":"POST","responseTime":"52.926","status":"400","timestamp":"2025-08-08 19:05:42","url":"/api/auth/register"}
{"duration":"55ms","level":"error","message":"Request Error","method":"POST","status":400,"timestamp":"2025-08-08 19:05:42","url":"/api/auth/register"}
{"date":"Fri Aug 08 2025 19:10:41 GMT+0530 (India Standard Time)","error":{},"level":"error","message":"unhandledRejection: logger is not defined\nReferenceError: logger is not defined\n    at connectDB (file:///Users/hosanna/BYV%20WORKS/ICL/icl1/backend/config/database.js:23:5)\n    at process.processTicksAndRejections (node:internal/process/task_queues:105:5)","os":{"loadavg":[16.9716796875,16.80078125,14.7197265625],"uptime":35741},"process":{"argv":["/Users/hosanna/.nvm/versions/node/v22.14.0/bin/node","/Users/hosanna/BYV WORKS/ICL/icl1/backend/server.js"],"cwd":"/Users/hosanna/BYV WORKS/ICL/icl1/backend","execPath":"/Users/hosanna/.nvm/versions/node/v22.14.0/bin/node","gid":20,"memoryUsage":{"arrayBuffers":18278776,"external":20793100,"heapTotal":63258624,"heapUsed":27178976,"rss":107708416},"pid":50543,"uid":501,"version":"v22.14.0"},"rejection":true,"stack":"ReferenceError: logger is not defined\n    at connectDB (file:///Users/hosanna/BYV%20WORKS/ICL/icl1/backend/config/database.js:23:5)\n    at process.processTicksAndRejections (node:internal/process/task_queues:105:5)","timestamp":"2025-08-08 19:10:41","trace":[{"column":5,"file":"file:///Users/hosanna/BYV%20WORKS/ICL/icl1/backend/config/database.js","function":"connectDB","line":23,"method":null,"native":false},{"column":5,"file":"node:internal/process/task_queues","function":"process.processTicksAndRejections","line":105,"method":"processTicksAndRejections","native":false}]}
{"level":"error","message":"API Error","method":"POST","responseTime":"15.826","status":"400","timestamp":"2025-08-08 20:59:59","url":"/api/auth/register"}
{"duration":"28ms","level":"error","message":"Request Error","method":"POST","status":400,"timestamp":"2025-08-08 20:59:59","url":"/api/auth/register"}
{"level":"error","message":"API Error","method":"POST","responseTime":"5.166","status":"400","timestamp":"2025-08-08 21:00:25","url":"/api/auth/register"}
{"duration":"9ms","level":"error","message":"Request Error","method":"POST","status":400,"timestamp":"2025-08-08 21:00:25","url":"/api/auth/register"}
{"level":"error","message":"API Error","method":"POST","responseTime":"1.870","status":"400","timestamp":"2025-08-08 21:04:57","url":"/api/auth/register"}
{"duration":"4ms","level":"error","message":"Request Error","method":"POST","status":400,"timestamp":"2025-08-08 21:04:57","url":"/api/auth/register"}
{"level":"error","message":"API Error","method":"GET","responseTime":"3.797","status":"400","timestamp":"2025-08-08 21:06:06","url":"/api/products/2"}
{"level":"error","message":"API Error","method":"GET","responseTime":"1.421","status":"400","timestamp":"2025-08-08 21:07:55","url":"/api/products/2"}
{"level":"error","message":"API Error","method":"GET","responseTime":"1.066","status":"400","timestamp":"2025-08-08 21:07:55","url":"/api/products/2"}
{"level":"error","message":"API Error","method":"GET","responseTime":"0.656","status":"400","timestamp":"2025-08-08 21:08:22","url":"/api/products/2"}
{"level":"error","message":"API Error","method":"GET","responseTime":"1.061","status":"400","timestamp":"2025-08-08 21:08:47","url":"/api/products/2"}
{"level":"error","message":"API Error","method":"GET","responseTime":"0.895","status":"400","timestamp":"2025-08-08 21:08:59","url":"/api/products/2"}
{"level":"error","message":"API Error","method":"GET","responseTime":"0.879","status":"400","timestamp":"2025-08-08 21:09:04","url":"/api/products/2"}
{"level":"error","message":"API Error","method":"GET","responseTime":"0.789","status":"400","timestamp":"2025-08-08 21:09:14","url":"/api/products/2"}
{"level":"error","message":"API Error","method":"GET","responseTime":"0.694","status":"400","timestamp":"2025-08-08 21:09:17","url":"/api/products/2"}
{"level":"error","message":"API Error","method":"GET","responseTime":"0.960","status":"400","timestamp":"2025-08-08 21:09:17","url":"/api/products/2"}
{"level":"error","message":"API Error","method":"GET","responseTime":"0.878","status":"400","timestamp":"2025-08-08 21:10:09","url":"/api/products/2"}
{"level":"error","message":"API Error","method":"GET","responseTime":"0.876","status":"400","timestamp":"2025-08-08 21:10:10","url":"/api/products/2"}
{"level":"error","message":"API Error","method":"GET","responseTime":"0.750","status":"400","timestamp":"2025-08-08 21:10:24","url":"/api/products/1"}
{"level":"error","message":"API Error","method":"GET","responseTime":"86.730","status":"404","timestamp":"2025-08-08 21:14:01","url":"/api/products/1"}
{"level":"error","message":"API Error","method":"GET","responseTime":"59.000","status":"404","timestamp":"2025-08-08 21:14:18","url":"/api/products/1"}
{"level":"error","message":"API Error","method":"GET","responseTime":"66.519","status":"404","timestamp":"2025-08-08 21:15:35","url":"/api/products/1"}
{"level":"error","message":"API Error","method":"GET","responseTime":"83.582","status":"404","timestamp":"2025-08-08 21:15:35","url":"/api/products/1"}
{"level":"error","message":"API Error","method":"GET","responseTime":"73.234","status":"404","timestamp":"2025-08-08 21:16:04","url":"/api/products/1"}
{"level":"error","message":"API Error","method":"GET","responseTime":"102.396","status":"404","timestamp":"2025-08-08 21:16:04","url":"/api/products/1"}
{"level":"error","message":"API Error","method":"GET","responseTime":"112.576","status":"404","timestamp":"2025-08-08 21:16:39","url":"/api/products/2"}
{"level":"error","message":"API Error","method":"GET","responseTime":"58.871","status":"404","timestamp":"2025-08-08 21:17:36","url":"/api/products/2"}
{"level":"error","message":"API Error","method":"GET","responseTime":"59.302","status":"404","timestamp":"2025-08-08 21:17:36","url":"/api/products/2"}
{"level":"error","message":"API Error","method":"GET","responseTime":"57.077","status":"404","timestamp":"2025-08-08 21:17:45","url":"/api/products/2"}
{"level":"error","message":"API Error","method":"GET","responseTime":"76.581","status":"404","timestamp":"2025-08-08 21:17:45","url":"/api/products/2"}
{"level":"error","message":"API Error","method":"GET","responseTime":"52.497","status":"404","timestamp":"2025-08-08 21:18:49","url":"/api/products/2"}
{"level":"error","message":"API Error","method":"GET","responseTime":"56.903","status":"404","timestamp":"2025-08-08 21:18:49","url":"/api/products/2"}
{"level":"error","message":"API Error","method":"GET","responseTime":"90.231","status":"404","timestamp":"2025-08-08 21:19:08","url":"/api/products/2"}
{"level":"error","message":"API Error","method":"GET","responseTime":"83.401","status":"404","timestamp":"2025-08-08 21:19:08","url":"/api/products/2"}
{"level":"error","message":"API Error","method":"GET","responseTime":"109.782","status":"404","timestamp":"2025-08-08 21:19:22","url":"/api/products/2"}
{"level":"error","message":"API Error","method":"GET","responseTime":"57.879","status":"404","timestamp":"2025-08-08 21:19:37","url":"/api/products/2"}
{"level":"error","message":"API Error","method":"GET","responseTime":"55.791","status":"404","timestamp":"2025-08-08 21:19:52","url":"/api/products/2"}
{"level":"error","message":"API Error","method":"GET","responseTime":"124.842","status":"404","timestamp":"2025-08-08 21:20:24","url":"/api/products/2"}
{"error":"Not Found - /api/user/wishlist","ip":"::1","level":"error","message":"Error occurred","method":"DELETE","stack":"Error: Not Found - /api/user/wishlist\n    at notFound (file:///D:/Works/ICL/icl2/ICL/backend/middlewares/errorHandler.js:72:17)\n    at Layer.handle [as handle_request] (D:\\Works\\ICL\\icl2\\ICL\\backend\\node_modules\\express\\lib\\router\\layer.js:95:5)\n    at trim_prefix (D:\\Works\\ICL\\icl2\\ICL\\backend\\node_modules\\express\\lib\\router\\index.js:328:13)\n    at D:\\Works\\ICL\\icl2\\ICL\\backend\\node_modules\\express\\lib\\router\\index.js:286:9\n    at Function.process_params (D:\\Works\\ICL\\icl2\\ICL\\backend\\node_modules\\express\\lib\\router\\index.js:346:12)\n    at next (D:\\Works\\ICL\\icl2\\ICL\\backend\\node_modules\\express\\lib\\router\\index.js:280:10)\n    at D:\\Works\\ICL\\icl2\\ICL\\backend\\node_modules\\express\\lib\\router\\index.js:646:15\n    at next (D:\\Works\\ICL\\icl2\\ICL\\backend\\node_modules\\express\\lib\\router\\index.js:265:14)\n    at protect (file:///D:/Works/ICL/icl2/ICL/backend/middlewares/auth.js:44:5)\n    at process.processTicksAndRejections (node:internal/process/task_queues:105:5)","timestamp":"2025-08-08 21:43:12","url":"/api/user/wishlist","userAgent":"Mozilla/5.0 (Windows NT 10.0; Win64; x64) AppleWebKit/537.36 (KHTML, like Gecko) Chrome/138.0.0.0 Safari/537.36"}
{"level":"error","message":"API Error","method":"DELETE","responseTime":"62.800","status":"500","timestamp":"2025-08-08 21:43:12","url":"/api/user/wishlist"}
{"duration":"65ms","level":"error","message":"Request Error","method":"DELETE","status":500,"timestamp":"2025-08-08 21:43:12","url":"/api/user/wishlist"}
{"error":"Not Found - /api/user/wishlist","ip":"::1","level":"error","message":"Error occurred","method":"DELETE","stack":"Error: Not Found - /api/user/wishlist\n    at notFound (file:///D:/Works/ICL/icl2/ICL/backend/middlewares/errorHandler.js:72:17)\n    at Layer.handle [as handle_request] (D:\\Works\\ICL\\icl2\\ICL\\backend\\node_modules\\express\\lib\\router\\layer.js:95:5)\n    at trim_prefix (D:\\Works\\ICL\\icl2\\ICL\\backend\\node_modules\\express\\lib\\router\\index.js:328:13)\n    at D:\\Works\\ICL\\icl2\\ICL\\backend\\node_modules\\express\\lib\\router\\index.js:286:9\n    at Function.process_params (D:\\Works\\ICL\\icl2\\ICL\\backend\\node_modules\\express\\lib\\router\\index.js:346:12)\n    at next (D:\\Works\\ICL\\icl2\\ICL\\backend\\node_modules\\express\\lib\\router\\index.js:280:10)\n    at D:\\Works\\ICL\\icl2\\ICL\\backend\\node_modules\\express\\lib\\router\\index.js:646:15\n    at next (D:\\Works\\ICL\\icl2\\ICL\\backend\\node_modules\\express\\lib\\router\\index.js:265:14)\n    at protect (file:///D:/Works/ICL/icl2/ICL/backend/middlewares/auth.js:44:5)\n    at process.processTicksAndRejections (node:internal/process/task_queues:105:5)","timestamp":"2025-08-08 21:43:54","url":"/api/user/wishlist","userAgent":"Mozilla/5.0 (Windows NT 10.0; Win64; x64) AppleWebKit/537.36 (KHTML, like Gecko) Chrome/138.0.0.0 Safari/537.36"}
{"level":"error","message":"API Error","method":"DELETE","responseTime":"56.858","status":"500","timestamp":"2025-08-08 21:43:54","url":"/api/user/wishlist"}
{"duration":"58ms","level":"error","message":"Request Error","method":"DELETE","status":500,"timestamp":"2025-08-08 21:43:54","url":"/api/user/wishlist"}
{"level":"error","message":"API Error","method":"POST","responseTime":"219.133","status":"400","timestamp":"2025-08-08 21:52:04","url":"/api/cart"}
{"duration":"226ms","level":"error","message":"Request Error","method":"POST","status":400,"timestamp":"2025-08-08 21:52:04","url":"/api/cart"}
{"level":"error","message":"API Error","method":"PUT","responseTime":"230.275","status":"400","timestamp":"2025-08-09 14:09:27","url":"/api/cart/68961f68ad2e6f6a057a1ee0"}
{"duration":"235ms","level":"error","message":"Request Error","method":"PUT","status":400,"timestamp":"2025-08-09 14:09:27","url":"/api/cart/68961f68ad2e6f6a057a1ee0"}
{"level":"error","message":"API Error","method":"PUT","responseTime":"183.775","status":"400","timestamp":"2025-08-09 14:09:32","url":"/api/cart/68961f68ad2e6f6a057a1ee0"}
{"duration":"187ms","level":"error","message":"Request Error","method":"PUT","status":400,"timestamp":"2025-08-09 14:09:32","url":"/api/cart/68961f68ad2e6f6a057a1ee0"}
{"level":"error","message":"API Error","method":"PUT","responseTime":"184.996","status":"400","timestamp":"2025-08-09 14:23:30","url":"/api/cart/68961f68ad2e6f6a057a1ed9"}
{"duration":"193ms","level":"error","message":"Request Error","method":"PUT","status":400,"timestamp":"2025-08-09 14:23:30","url":"/api/cart/68961f68ad2e6f6a057a1ed9"}
{"level":"error","message":"API Error","method":"PUT","responseTime":"243.019","status":"400","timestamp":"2025-08-09 14:23:34","url":"/api/cart/68961f68ad2e6f6a057a1ed9"}
{"duration":"250ms","level":"error","message":"Request Error","method":"PUT","status":400,"timestamp":"2025-08-09 14:23:34","url":"/api/cart/68961f68ad2e6f6a057a1ed9"}
{"level":"error","message":"API Error","method":"PUT","responseTime":"97.232","status":"400","timestamp":"2025-08-09 14:29:19","url":"/api/cart/68961f68ad2e6f6a057a1ed9"}
{"duration":"109ms","level":"error","message":"Request Error","method":"PUT","status":400,"timestamp":"2025-08-09 14:29:19","url":"/api/cart/68961f68ad2e6f6a057a1ed9"}
{"level":"error","message":"API Error","method":"PUT","responseTime":"102.465","status":"400","timestamp":"2025-08-09 14:29:33","url":"/api/cart/68961f68ad2e6f6a057a1ed9"}
{"duration":"108ms","level":"error","message":"Request Error","method":"PUT","status":400,"timestamp":"2025-08-09 14:29:33","url":"/api/cart/68961f68ad2e6f6a057a1ed9"}
{"level":"error","message":"API Error","method":"PUT","responseTime":"191.887","status":"400","timestamp":"2025-08-09 14:29:36","url":"/api/cart/68961f68ad2e6f6a057a1ed9"}
{"duration":"194ms","level":"error","message":"Request Error","method":"PUT","status":400,"timestamp":"2025-08-09 14:29:36","url":"/api/cart/68961f68ad2e6f6a057a1ed9"}
{"level":"error","message":"API Error","method":"PUT","responseTime":"105.471","status":"400","timestamp":"2025-08-09 14:31:46","url":"/api/cart/68961f68ad2e6f6a057a1ee6"}
{"duration":"126ms","level":"error","message":"Request Error","method":"PUT","status":400,"timestamp":"2025-08-09 14:31:46","url":"/api/cart/68961f68ad2e6f6a057a1ee6"}
{"level":"error","message":"API Error","method":"PUT","responseTime":"112.980","status":"400","timestamp":"2025-08-09 14:34:32","url":"/api/cart/68961f68ad2e6f6a057a1ee6"}
{"duration":"119ms","level":"error","message":"Request Error","method":"PUT","status":400,"timestamp":"2025-08-09 14:34:32","url":"/api/cart/68961f68ad2e6f6a057a1ee6"}
{"level":"error","message":"API Error","method":"PUT","responseTime":"101.437","status":"400","timestamp":"2025-08-09 14:34:33","url":"/api/cart/68961f68ad2e6f6a057a1ee6"}
{"duration":"121ms","level":"error","message":"Request Error","method":"PUT","status":400,"timestamp":"2025-08-09 14:34:33","url":"/api/cart/68961f68ad2e6f6a057a1ee6"}
{"level":"error","message":"API Error","method":"PUT","responseTime":"108.323","status":"400","timestamp":"2025-08-09 14:34:33","url":"/api/cart/68961f68ad2e6f6a057a1ee6"}
{"duration":"124ms","level":"error","message":"Request Error","method":"PUT","status":400,"timestamp":"2025-08-09 14:34:33","url":"/api/cart/68961f68ad2e6f6a057a1ee6"}
{"level":"error","message":"API Error","method":"PUT","responseTime":"299.663","status":"400","timestamp":"2025-08-09 14:41:15","url":"/api/cart/68961f68ad2e6f6a057a1ee6"}
{"duration":"313ms","level":"error","message":"Request Error","method":"PUT","status":400,"timestamp":"2025-08-09 14:41:15","url":"/api/cart/68961f68ad2e6f6a057a1ee6"}
{"level":"error","message":"API Error","method":"PUT","responseTime":"149.237","status":"400","timestamp":"2025-08-09 14:45:07","url":"/api/cart/68961f68ad2e6f6a057a1ee8"}
{"duration":"152ms","level":"error","message":"Request Error","method":"PUT","status":400,"timestamp":"2025-08-09 14:45:07","url":"/api/cart/68961f68ad2e6f6a057a1ee8"}
{"level":"error","message":"API Error","method":"PUT","responseTime":"220.780","status":"400","timestamp":"2025-08-09 14:46:38","url":"/api/cart/68961f68ad2e6f6a057a1ee8"}
{"duration":"226ms","level":"error","message":"Request Error","method":"PUT","status":400,"timestamp":"2025-08-09 14:46:38","url":"/api/cart/68961f68ad2e6f6a057a1ee8"}
{"level":"error","message":"API Error","method":"PUT","responseTime":"207.411","status":"400","timestamp":"2025-08-09 14:46:47","url":"/api/cart/68961f68ad2e6f6a057a1ee8"}
{"duration":"219ms","level":"error","message":"Request Error","method":"PUT","status":400,"timestamp":"2025-08-09 14:46:47","url":"/api/cart/68961f68ad2e6f6a057a1ee8"}
{"level":"error","message":"API Error","method":"PUT","responseTime":"95.706","status":"400","timestamp":"2025-08-09 15:00:48","url":"/api/cart/68961f68ad2e6f6a057a1ee8"}
{"duration":"110ms","level":"error","message":"Request Error","method":"PUT","status":400,"timestamp":"2025-08-09 15:00:48","url":"/api/cart/68961f68ad2e6f6a057a1ee8"}
{"level":"error","message":"API Error","method":"POST","responseTime":"140.872","status":"400","timestamp":"2025-08-09 15:03:16","url":"/api/cart"}
{"duration":"148ms","level":"error","message":"Request Error","method":"POST","status":400,"timestamp":"2025-08-09 15:03:16","url":"/api/cart"}
{"level":"error","message":"API Error","method":"PUT","responseTime":"113.774","status":"400","timestamp":"2025-08-09 15:05:56","url":"/api/cart/68961f68ad2e6f6a057a1ee8"}
{"duration":"117ms","level":"error","message":"Request Error","method":"PUT","status":400,"timestamp":"2025-08-09 15:05:56","url":"/api/cart/68961f68ad2e6f6a057a1ee8"}
{"level":"error","message":"API Error","method":"PUT","responseTime":"106.009","status":"400","timestamp":"2025-08-09 15:06:03","url":"/api/cart/68961f68ad2e6f6a057a1ee8"}
{"duration":"158ms","level":"error","message":"Request Error","method":"PUT","status":400,"timestamp":"2025-08-09 15:06:03","url":"/api/cart/68961f68ad2e6f6a057a1ee8"}
{"level":"error","message":"API Error","method":"POST","responseTime":"143.337","status":"400","timestamp":"2025-08-09 15:10:48","url":"/api/cart"}
{"duration":"147ms","level":"error","message":"Request Error","method":"POST","status":400,"timestamp":"2025-08-09 15:10:48","url":"/api/cart"}
{"error":"Not Found - /api/user/wishlist","ip":"::1","level":"error","message":"Error occurred","method":"DELETE","stack":"Error: Not Found - /api/user/wishlist\n    at notFound (file:///E:/ICL-3/ICL/backend/middlewares/errorHandler.js:72:17)\n    at Layer.handle [as handle_request] (E:\\ICL-3\\ICL\\backend\\node_modules\\express\\lib\\router\\layer.js:95:5)\n    at trim_prefix (E:\\ICL-3\\ICL\\backend\\node_modules\\express\\lib\\router\\index.js:328:13)\n    at E:\\ICL-3\\ICL\\backend\\node_modules\\express\\lib\\router\\index.js:286:9\n    at Function.process_params (E:\\ICL-3\\ICL\\backend\\node_modules\\express\\lib\\router\\index.js:346:12)\n    at next (E:\\ICL-3\\ICL\\backend\\node_modules\\express\\lib\\router\\index.js:280:10)\n    at E:\\ICL-3\\ICL\\backend\\node_modules\\express\\lib\\router\\index.js:646:15\n    at next (E:\\ICL-3\\ICL\\backend\\node_modules\\express\\lib\\router\\index.js:265:14)\n    at protect (file:///E:/ICL-3/ICL/backend/middlewares/auth.js:44:5)\n    at process.processTicksAndRejections (node:internal/process/task_queues:105:5)","timestamp":"2025-08-09 15:16:05","url":"/api/user/wishlist","userAgent":"Mozilla/5.0 (Windows NT 10.0; Win64; x64) AppleWebKit/537.36 (KHTML, like Gecko) Chrome/139.0.0.0 Safari/537.36"}
{"level":"error","message":"API Error","method":"DELETE","responseTime":"108.100","status":"500","timestamp":"2025-08-09 15:16:05","url":"/api/user/wishlist"}
{"duration":"109ms","level":"error","message":"Request Error","method":"DELETE","status":500,"timestamp":"2025-08-09 15:16:05","url":"/api/user/wishlist"}
{"error":"Not Found - /api/user/wishlist","ip":"::1","level":"error","message":"Error occurred","method":"DELETE","stack":"Error: Not Found - /api/user/wishlist\n    at notFound (file:///E:/ICL-3/ICL/backend/middlewares/errorHandler.js:72:17)\n    at Layer.handle [as handle_request] (E:\\ICL-3\\ICL\\backend\\node_modules\\express\\lib\\router\\layer.js:95:5)\n    at trim_prefix (E:\\ICL-3\\ICL\\backend\\node_modules\\express\\lib\\router\\index.js:328:13)\n    at E:\\ICL-3\\ICL\\backend\\node_modules\\express\\lib\\router\\index.js:286:9\n    at Function.process_params (E:\\ICL-3\\ICL\\backend\\node_modules\\express\\lib\\router\\index.js:346:12)\n    at next (E:\\ICL-3\\ICL\\backend\\node_modules\\express\\lib\\router\\index.js:280:10)\n    at E:\\ICL-3\\ICL\\backend\\node_modules\\express\\lib\\router\\index.js:646:15\n    at next (E:\\ICL-3\\ICL\\backend\\node_modules\\express\\lib\\router\\index.js:265:14)\n    at protect (file:///E:/ICL-3/ICL/backend/middlewares/auth.js:44:5)\n    at process.processTicksAndRejections (node:internal/process/task_queues:105:5)","timestamp":"2025-08-09 15:16:31","url":"/api/user/wishlist","userAgent":"Mozilla/5.0 (Windows NT 10.0; Win64; x64) AppleWebKit/537.36 (KHTML, like Gecko) Chrome/139.0.0.0 Safari/537.36"}
{"level":"error","message":"API Error","method":"DELETE","responseTime":"88.735","status":"500","timestamp":"2025-08-09 15:16:31","url":"/api/user/wishlist"}
{"duration":"90ms","level":"error","message":"Request Error","method":"DELETE","status":500,"timestamp":"2025-08-09 15:16:31","url":"/api/user/wishlist"}
{"error":"Not Found - /api/user/wishlist","ip":"::1","level":"error","message":"Error occurred","method":"DELETE","stack":"Error: Not Found - /api/user/wishlist\n    at notFound (file:///E:/ICL-3/ICL/backend/middlewares/errorHandler.js:72:17)\n    at Layer.handle [as handle_request] (E:\\ICL-3\\ICL\\backend\\node_modules\\express\\lib\\router\\layer.js:95:5)\n    at trim_prefix (E:\\ICL-3\\ICL\\backend\\node_modules\\express\\lib\\router\\index.js:328:13)\n    at E:\\ICL-3\\ICL\\backend\\node_modules\\express\\lib\\router\\index.js:286:9\n    at Function.process_params (E:\\ICL-3\\ICL\\backend\\node_modules\\express\\lib\\router\\index.js:346:12)\n    at next (E:\\ICL-3\\ICL\\backend\\node_modules\\express\\lib\\router\\index.js:280:10)\n    at E:\\ICL-3\\ICL\\backend\\node_modules\\express\\lib\\router\\index.js:646:15\n    at next (E:\\ICL-3\\ICL\\backend\\node_modules\\express\\lib\\router\\index.js:265:14)\n    at protect (file:///E:/ICL-3/ICL/backend/middlewares/auth.js:44:5)\n    at process.processTicksAndRejections (node:internal/process/task_queues:105:5)","timestamp":"2025-08-09 15:16:36","url":"/api/user/wishlist","userAgent":"Mozilla/5.0 (Windows NT 10.0; Win64; x64) AppleWebKit/537.36 (KHTML, like Gecko) Chrome/139.0.0.0 Safari/537.36"}
{"level":"error","message":"API Error","method":"DELETE","responseTime":"86.736","status":"500","timestamp":"2025-08-09 15:16:36","url":"/api/user/wishlist"}
{"duration":"88ms","level":"error","message":"Request Error","method":"DELETE","status":500,"timestamp":"2025-08-09 15:16:36","url":"/api/user/wishlist"}
{"error":"Not Found - /api/user/wishlist","ip":"::1","level":"error","message":"Error occurred","method":"DELETE","stack":"Error: Not Found - /api/user/wishlist\n    at notFound (file:///E:/ICL-3/ICL/backend/middlewares/errorHandler.js:72:17)\n    at Layer.handle [as handle_request] (E:\\ICL-3\\ICL\\backend\\node_modules\\express\\lib\\router\\layer.js:95:5)\n    at trim_prefix (E:\\ICL-3\\ICL\\backend\\node_modules\\express\\lib\\router\\index.js:328:13)\n    at E:\\ICL-3\\ICL\\backend\\node_modules\\express\\lib\\router\\index.js:286:9\n    at Function.process_params (E:\\ICL-3\\ICL\\backend\\node_modules\\express\\lib\\router\\index.js:346:12)\n    at next (E:\\ICL-3\\ICL\\backend\\node_modules\\express\\lib\\router\\index.js:280:10)\n    at E:\\ICL-3\\ICL\\backend\\node_modules\\express\\lib\\router\\index.js:646:15\n    at next (E:\\ICL-3\\ICL\\backend\\node_modules\\express\\lib\\router\\index.js:265:14)\n    at protect (file:///E:/ICL-3/ICL/backend/middlewares/auth.js:44:5)\n    at process.processTicksAndRejections (node:internal/process/task_queues:105:5)","timestamp":"2025-08-09 15:16:55","url":"/api/user/wishlist","userAgent":"Mozilla/5.0 (Windows NT 10.0; Win64; x64) AppleWebKit/537.36 (KHTML, like Gecko) Chrome/139.0.0.0 Safari/537.36"}
{"level":"error","message":"API Error","method":"DELETE","responseTime":"308.693","status":"500","timestamp":"2025-08-09 15:16:55","url":"/api/user/wishlist"}
{"duration":"312ms","level":"error","message":"Request Error","method":"DELETE","status":500,"timestamp":"2025-08-09 15:16:55","url":"/api/user/wishlist"}
{"error":"Not Found - /api/user/wishlist","ip":"::1","level":"error","message":"Error occurred","method":"DELETE","stack":"Error: Not Found - /api/user/wishlist\n    at notFound (file:///E:/ICL-3/ICL/backend/middlewares/errorHandler.js:72:17)\n    at Layer.handle [as handle_request] (E:\\ICL-3\\ICL\\backend\\node_modules\\express\\lib\\router\\layer.js:95:5)\n    at trim_prefix (E:\\ICL-3\\ICL\\backend\\node_modules\\express\\lib\\router\\index.js:328:13)\n    at E:\\ICL-3\\ICL\\backend\\node_modules\\express\\lib\\router\\index.js:286:9\n    at Function.process_params (E:\\ICL-3\\ICL\\backend\\node_modules\\express\\lib\\router\\index.js:346:12)\n    at next (E:\\ICL-3\\ICL\\backend\\node_modules\\express\\lib\\router\\index.js:280:10)\n    at E:\\ICL-3\\ICL\\backend\\node_modules\\express\\lib\\router\\index.js:646:15\n    at next (E:\\ICL-3\\ICL\\backend\\node_modules\\express\\lib\\router\\index.js:265:14)\n    at protect (file:///E:/ICL-3/ICL/backend/middlewares/auth.js:44:5)\n    at process.processTicksAndRejections (node:internal/process/task_queues:105:5)","timestamp":"2025-08-09 15:17:03","url":"/api/user/wishlist","userAgent":"Mozilla/5.0 (Windows NT 10.0; Win64; x64) AppleWebKit/537.36 (KHTML, like Gecko) Chrome/139.0.0.0 Safari/537.36"}
{"level":"error","message":"API Error","method":"DELETE","responseTime":"85.734","status":"500","timestamp":"2025-08-09 15:17:03","url":"/api/user/wishlist"}
{"duration":"87ms","level":"error","message":"Request Error","method":"DELETE","status":500,"timestamp":"2025-08-09 15:17:03","url":"/api/user/wishlist"}
{"error":"Not Found - /api/user/wishlist","ip":"::1","level":"error","message":"Error occurred","method":"DELETE","stack":"Error: Not Found - /api/user/wishlist\n    at notFound (file:///E:/ICL-3/ICL/backend/middlewares/errorHandler.js:72:17)\n    at Layer.handle [as handle_request] (E:\\ICL-3\\ICL\\backend\\node_modules\\express\\lib\\router\\layer.js:95:5)\n    at trim_prefix (E:\\ICL-3\\ICL\\backend\\node_modules\\express\\lib\\router\\index.js:328:13)\n    at E:\\ICL-3\\ICL\\backend\\node_modules\\express\\lib\\router\\index.js:286:9\n    at Function.process_params (E:\\ICL-3\\ICL\\backend\\node_modules\\express\\lib\\router\\index.js:346:12)\n    at next (E:\\ICL-3\\ICL\\backend\\node_modules\\express\\lib\\router\\index.js:280:10)\n    at E:\\ICL-3\\ICL\\backend\\node_modules\\express\\lib\\router\\index.js:646:15\n    at next (E:\\ICL-3\\ICL\\backend\\node_modules\\express\\lib\\router\\index.js:265:14)\n    at protect (file:///E:/ICL-3/ICL/backend/middlewares/auth.js:44:5)\n    at process.processTicksAndRejections (node:internal/process/task_queues:105:5)","timestamp":"2025-08-09 15:17:05","url":"/api/user/wishlist","userAgent":"Mozilla/5.0 (Windows NT 10.0; Win64; x64) AppleWebKit/537.36 (KHTML, like Gecko) Chrome/139.0.0.0 Safari/537.36"}
{"level":"error","message":"API Error","method":"DELETE","responseTime":"118.693","status":"500","timestamp":"2025-08-09 15:17:05","url":"/api/user/wishlist"}
{"duration":"121ms","level":"error","message":"Request Error","method":"DELETE","status":500,"timestamp":"2025-08-09 15:17:05","url":"/api/user/wishlist"}
{"level":"error","message":"API Error","method":"DELETE","responseTime":"131.889","status":"400","timestamp":"2025-08-09 15:22:21","url":"/api/user/wishlist/68961f68ad2e6f6a057a1edc"}
{"duration":"135ms","level":"error","message":"Request Error","method":"DELETE","status":400,"timestamp":"2025-08-09 15:22:21","url":"/api/user/wishlist/68961f68ad2e6f6a057a1edc"}
{"level":"error","message":"API Error","method":"DELETE","responseTime":"128.513","status":"400","timestamp":"2025-08-09 15:22:26","url":"/api/user/wishlist/68961f68ad2e6f6a057a1ed9"}
{"duration":"131ms","level":"error","message":"Request Error","method":"DELETE","status":400,"timestamp":"2025-08-09 15:22:26","url":"/api/user/wishlist/68961f68ad2e6f6a057a1ed9"}
{"level":"error","message":"API Error","method":"DELETE","responseTime":"142.745","status":"400","timestamp":"2025-08-09 15:22:52","url":"/api/user/wishlist/68961f68ad2e6f6a057a1edc"}
{"duration":"147ms","level":"error","message":"Request Error","method":"DELETE","status":400,"timestamp":"2025-08-09 15:22:52","url":"/api/user/wishlist/68961f68ad2e6f6a057a1edc"}
{"level":"error","message":"API Error","method":"DELETE","responseTime":"114.473","status":"400","timestamp":"2025-08-09 15:22:56","url":"/api/user/wishlist/68961f68ad2e6f6a057a1ed9"}
{"duration":"118ms","level":"error","message":"Request Error","method":"DELETE","status":400,"timestamp":"2025-08-09 15:22:56","url":"/api/user/wishlist/68961f68ad2e6f6a057a1ed9"}
{"level":"error","message":"API Error","method":"DELETE","responseTime":"117.175","status":"400","timestamp":"2025-08-09 15:27:23","url":"/api/user/wishlist/68961f68ad2e6f6a057a1edc"}
{"duration":"120ms","level":"error","message":"Request Error","method":"DELETE","status":400,"timestamp":"2025-08-09 15:27:23","url":"/api/user/wishlist/68961f68ad2e6f6a057a1edc"}
{"level":"error","message":"API Error","method":"DELETE","responseTime":"234.026","status":"400","timestamp":"2025-08-09 15:27:37","url":"/api/user/wishlist/68961f68ad2e6f6a057a1edc"}
{"duration":"244ms","level":"error","message":"Request Error","method":"DELETE","status":400,"timestamp":"2025-08-09 15:27:37","url":"/api/user/wishlist/68961f68ad2e6f6a057a1edc"}
